<?xml version="1.0" encoding="UTF-8"?>
<testsuites name="Login" time="31.679" tests="4" failures="0" errors="0">
   <testsuite name="Login" tests="4" failures="0" errors="0" time="31.679" skipped="0" timestamp="2023-04-24 14:24:40" hostname="alasw - LAPTOP-Q636DFR5" id="Test Suites/Login">
      <properties>
         <property name="deviceName" value=""/>
         <property name="devicePlatform" value=""/>
         <property name="logFolder" value="C:\\Users\\alasw\\git\\FirstProjectKatalon\\Reports\\20230424_142438\\Login\\20230424_142438"/>
         <property name="logFiles" value="C:\\Users\\alasw\\git\\FirstProjectKatalon\\Reports\\20230424_142438\\Login\\20230424_142438\\execution0.log"/>
         <property name="attachments" value=""/>
         <property name="hostName" value="alasw - LAPTOP-Q636DFR5"/>
         <property name="os" value="Windows 10 64bit"/>
         <property name="katalonVersion" value="8.6.0.208"/>
         <property name="browser" value="Chrome 112.0.0.0"/>
         <property name="hostAddress" value="192.168.1.19"/>
         <property name="sessionId" value="be60b62412b700b2536953c33facf027"/>
         <property name="seleniumVersion" value="3.141.59"/>
         <property name="proxyInformation" value="ProxyInformation { proxyOption=NO_PROXY, proxyServerType=HTTP, username=, password=********, proxyServerAddress=, proxyServerPort=0, executionList=&quot;&quot;, isApplyToDesiredCapabilities=true }"/>
         <property name="platform" value="Windows 10"/>
      </properties>
      <testcase name="Test Cases/Login" time="8.899" classname="Test Cases/Login" status="PASSED">
         <system-out><![CDATA[2023-04-24 14:24:40 - [TEST_CASE][PASSED] - Test Cases/Login: Test Cases/Login

2023-04-24 14:24:41 - [TEST_STEP][PASSED] - openBrowser(""): Browser is opened with url: ''

2023-04-24 14:24:41 - [MESSAGE][INFO] - Starting 'Chrome' driver

2023-04-24 14:24:41 - [MESSAGE][INFO] - Action delay is set to 0 milliseconds

2023-04-24 14:24:43 - [MESSAGE][PASSED] - Browser is opened with url: ''

2023-04-24 14:24:43 - [TEST_STEP][PASSED] - navigateToUrl("https://opensource-demo.orangehrmlive.com/web/index.php/auth/login"): Navigate to 'https://opensource-demo.orangehrmlive.com/web/index.php/auth/login' successfully

2023-04-24 14:24:44 - [MESSAGE][PASSED] - Navigate to 'https://opensource-demo.orangehrmlive.com/web/index.php/auth/login' successfully

2023-04-24 14:24:44 - [TEST_STEP][PASSED] - setText(findTestObject("Object Repository/Page_OrangeHRM/input_Username_username"), "Admin"): Text 'Admin' is set on object 'Object Repository/Page_OrangeHRM/input_Username_username'

2023-04-24 14:24:45 - [MESSAGE][PASSED] - Text 'Admin' is set on object 'Object Repository/Page_OrangeHRM/input_Username_username'

2023-04-24 14:24:45 - [TEST_STEP][PASSED] - setEncryptedText(findTestObject("Object Repository/Page_OrangeHRM/input_Password_password"), "hUKwJTbofgPU9eVlw/CnDQ=="): Text ****** has been set on object 'Object Repository/Page_OrangeHRM/input_Password_password'

2023-04-24 14:24:46 - [MESSAGE][PASSED] - Text ****** has been set on object 'Object Repository/Page_OrangeHRM/input_Password_password'

2023-04-24 14:24:46 - [TEST_STEP][PASSED] - click(findTestObject("Object Repository/Page_OrangeHRM/button_Login")): Object: 'Object Repository/Page_OrangeHRM/button_Login' is clicked on

2023-04-24 14:24:47 - [MESSAGE][PASSED] - Object: 'Object Repository/Page_OrangeHRM/button_Login' is clicked on

2023-04-24 14:24:47 - [TEST_STEP][PASSED] - click(findTestObject("Object Repository/Page_OrangeHRM/p_Sultan Deodhe")): Object: 'Object Repository/Page_OrangeHRM/p_Sultan Deodhe' is clicked on

2023-04-24 14:24:49 - [MESSAGE][PASSED] - Object: 'Object Repository/Page_OrangeHRM/p_Sultan Deodhe' is clicked on

2023-04-24 14:24:49 - [TEST_STEP][PASSED] - verifyElementPresent(findTestObject("Object Repository/Page_OrangeHRM/a_Logout"), 20): Object 'Object Repository/Page_OrangeHRM/a_Logout' is present

2023-04-24 14:24:49 - [MESSAGE][PASSED] - Object 'Object Repository/Page_OrangeHRM/a_Logout' is present]]></system-out>
         <system-err><![CDATA[]]></system-err>
      </testcase>
      <testcase name="Test Cases/Logout" time="10.795" classname="Test Cases/Logout" status="PASSED">
         <system-out><![CDATA[2023-04-24 14:24:49 - [TEST_CASE][PASSED] - Test Cases/Logout: Test Cases/Logout

2023-04-24 14:24:50 - [TEST_STEP][PASSED] - callTestCase(findTestCase("Login"), [:], STOP_ON_FAILURE): Call Test Case 'Test Cases/Login' successfully

2023-04-24 14:24:50 - [TEST_CASE][PASSED] - Test Cases/Login: Test Cases/Login

2023-04-24 14:24:50 - [TEST_STEP][PASSED] - openBrowser(""): Browser is opened with url: ''

2023-04-24 14:24:50 - [MESSAGE][WARNING] - A browser is already opened. Closing browser and opening a new one

2023-04-24 14:24:51 - [MESSAGE][INFO] - Starting 'Chrome' driver

2023-04-24 14:24:51 - [MESSAGE][INFO] - Action delay is set to 0 milliseconds

2023-04-24 14:24:52 - [MESSAGE][PASSED] - Browser is opened with url: ''

2023-04-24 14:24:52 - [TEST_STEP][PASSED] - navigateToUrl("https://opensource-demo.orangehrmlive.com/web/index.php/auth/login"): Navigate to 'https://opensource-demo.orangehrmlive.com/web/index.php/auth/login' successfully

2023-04-24 14:24:53 - [MESSAGE][PASSED] - Navigate to 'https://opensource-demo.orangehrmlive.com/web/index.php/auth/login' successfully

2023-04-24 14:24:53 - [TEST_STEP][PASSED] - setText(findTestObject("Object Repository/Page_OrangeHRM/input_Username_username"), "Admin"): Text 'Admin' is set on object 'Object Repository/Page_OrangeHRM/input_Username_username'

2023-04-24 14:24:55 - [MESSAGE][PASSED] - Text 'Admin' is set on object 'Object Repository/Page_OrangeHRM/input_Username_username'

2023-04-24 14:24:55 - [TEST_STEP][PASSED] - setEncryptedText(findTestObject("Object Repository/Page_OrangeHRM/input_Password_password"), "hUKwJTbofgPU9eVlw/CnDQ=="): Text ****** has been set on object 'Object Repository/Page_OrangeHRM/input_Password_password'

2023-04-24 14:24:55 - [MESSAGE][PASSED] - Text ****** has been set on object 'Object Repository/Page_OrangeHRM/input_Password_password'

2023-04-24 14:24:55 - [TEST_STEP][PASSED] - click(findTestObject("Object Repository/Page_OrangeHRM/button_Login")): Object: 'Object Repository/Page_OrangeHRM/button_Login' is clicked on

2023-04-24 14:24:56 - [MESSAGE][PASSED] - Object: 'Object Repository/Page_OrangeHRM/button_Login' is clicked on

2023-04-24 14:24:56 - [TEST_STEP][PASSED] - click(findTestObject("Object Repository/Page_OrangeHRM/p_Sultan Deodhe")): Object: 'Object Repository/Page_OrangeHRM/p_Sultan Deodhe' is clicked on

2023-04-24 14:24:58 - [MESSAGE][PASSED] - Object: 'Object Repository/Page_OrangeHRM/p_Sultan Deodhe' is clicked on

2023-04-24 14:24:58 - [TEST_STEP][PASSED] - verifyElementPresent(findTestObject("Object Repository/Page_OrangeHRM/a_Logout"), 20): Object 'Object Repository/Page_OrangeHRM/a_Logout' is present

2023-04-24 14:24:59 - [MESSAGE][PASSED] - Object 'Object Repository/Page_OrangeHRM/a_Logout' is present

2023-04-24 14:24:59 - [MESSAGE][PASSED] - Call Test Case 'Test Cases/Login' successfully

2023-04-24 14:24:59 - [TEST_STEP][PASSED] - click(findTestObject("Object Repository/Page_OrangeHRM/a_Logout")): Object: 'Object Repository/Page_OrangeHRM/a_Logout' is clicked on

2023-04-24 14:24:59 - [MESSAGE][PASSED] - Object: 'Object Repository/Page_OrangeHRM/a_Logout' is clicked on

2023-04-24 14:24:59 - [TEST_STEP][PASSED] - verifyElementPresent(findTestObject("Object Repository/Page_OrangeHRM/button_Login"), 20): Object 'Object Repository/Page_OrangeHRM/button_Login' is present

2023-04-24 14:25:00 - [MESSAGE][PASSED] - Object 'Object Repository/Page_OrangeHRM/button_Login' is present]]></system-out>
         <system-err><![CDATA[]]></system-err>
      </testcase>
      <testcase name="Test Cases/VerifyLoginValidationForPassword" time="5.85" classname="Test Cases/VerifyLoginValidationForPassword" status="PASSED">
         <system-out><![CDATA[2023-04-24 14:25:00 - [TEST_CASE][PASSED] - Test Cases/VerifyLoginValidationForPassword: Test Cases/VerifyLoginValidationForPassword

2023-04-24 14:25:01 - [TEST_STEP][PASSED] - openBrowser(""): Browser is opened with url: ''

2023-04-24 14:25:01 - [MESSAGE][WARNING] - A browser is already opened. Closing browser and opening a new one

2023-04-24 14:25:01 - [MESSAGE][INFO] - Starting 'Chrome' driver

2023-04-24 14:25:01 - [MESSAGE][INFO] - Action delay is set to 0 milliseconds

2023-04-24 14:25:03 - [MESSAGE][PASSED] - Browser is opened with url: ''

2023-04-24 14:25:03 - [TEST_STEP][PASSED] - navigateToUrl("https://opensource-demo.orangehrmlive.com/web/index.php/auth/login"): Navigate to 'https://opensource-demo.orangehrmlive.com/web/index.php/auth/login' successfully

2023-04-24 14:25:04 - [MESSAGE][PASSED] - Navigate to 'https://opensource-demo.orangehrmlive.com/web/index.php/auth/login' successfully

2023-04-24 14:25:04 - [TEST_STEP][PASSED] - setText(findTestObject("Object Repository/New Folder (34)/Page_OrangeHRM/input_Username_username"), "Admin"): Text 'Admin' is set on object 'Object Repository/New Folder (34)/Page_OrangeHRM/input_Username_username'

2023-04-24 14:25:05 - [MESSAGE][PASSED] - Text 'Admin' is set on object 'Object Repository/New Folder (34)/Page_OrangeHRM/input_Username_username'

2023-04-24 14:25:05 - [TEST_STEP][PASSED] - click(findTestObject("Object Repository/New Folder (34)/Page_OrangeHRM/button_Login")): Object: 'Object Repository/New Folder (34)/Page_OrangeHRM/button_Login' is clicked on

2023-04-24 14:25:06 - [MESSAGE][PASSED] - Object: 'Object Repository/New Folder (34)/Page_OrangeHRM/button_Login' is clicked on

2023-04-24 14:25:06 - [TEST_STEP][PASSED] - verifyElementPresent(findTestObject("Object Repository/New Folder (34)/Page_OrangeHRM/span_Required"), 20): Object 'Object Repository/New Folder (34)/Page_OrangeHRM/span_Required' is present

2023-04-24 14:25:06 - [MESSAGE][PASSED] - Object 'Object Repository/New Folder (34)/Page_OrangeHRM/span_Required' is present]]></system-out>
         <system-err><![CDATA[]]></system-err>
      </testcase>
      <testcase name="Test Cases/VerifyLoginValidationForUsername" time="5.861" classname="Test Cases/VerifyLoginValidationForUsername" status="PASSED">
         <system-out><![CDATA[2023-04-24 14:25:06 - [TEST_CASE][PASSED] - Test Cases/VerifyLoginValidationForUsername: Test Cases/VerifyLoginValidationForUsername

2023-04-24 14:25:06 - [TEST_STEP][PASSED] - openBrowser(""): Browser is opened with url: ''

2023-04-24 14:25:06 - [MESSAGE][WARNING] - A browser is already opened. Closing browser and opening a new one

2023-04-24 14:25:07 - [MESSAGE][INFO] - Starting 'Chrome' driver

2023-04-24 14:25:07 - [MESSAGE][INFO] - Action delay is set to 0 milliseconds

2023-04-24 14:25:08 - [MESSAGE][PASSED] - Browser is opened with url: ''

2023-04-24 14:25:08 - [TEST_STEP][PASSED] - navigateToUrl("https://opensource-demo.orangehrmlive.com/web/index.php/auth/login"): Navigate to 'https://opensource-demo.orangehrmlive.com/web/index.php/auth/login' successfully

2023-04-24 14:25:10 - [MESSAGE][PASSED] - Navigate to 'https://opensource-demo.orangehrmlive.com/web/index.php/auth/login' successfully

2023-04-24 14:25:10 - [TEST_STEP][PASSED] - setEncryptedText(findTestObject("Object Repository/New Folder (35)/Page_OrangeHRM/input_Password_password"), "hUKwJTbofgPU9eVlw/CnDQ=="): Text ****** has been set on object 'Object Repository/New Folder (35)/Page_OrangeHRM/input_Password_password'

2023-04-24 14:25:11 - [MESSAGE][PASSED] - Text ****** has been set on object 'Object Repository/New Folder (35)/Page_OrangeHRM/input_Password_password'

2023-04-24 14:25:11 - [TEST_STEP][PASSED] - click(findTestObject("Object Repository/New Folder (35)/Page_OrangeHRM/button_Login")): Object: 'Object Repository/New Folder (35)/Page_OrangeHRM/button_Login' is clicked on

2023-04-24 14:25:11 - [MESSAGE][PASSED] - Object: 'Object Repository/New Folder (35)/Page_OrangeHRM/button_Login' is clicked on

2023-04-24 14:25:11 - [TEST_STEP][PASSED] - verifyElementPresent(findTestObject("Object Repository/New Folder (35)/Page_OrangeHRM/span_Required"), 20): Object 'Object Repository/New Folder (35)/Page_OrangeHRM/span_Required' is present

2023-04-24 14:25:12 - [MESSAGE][PASSED] - Object 'Object Repository/New Folder (35)/Page_OrangeHRM/span_Required' is present]]></system-out>
         <system-err><![CDATA[]]></system-err>
      </testcase>
      <system-out><![CDATA[2023-04-24 14:24:40 - [TEST_SUITE][PASSED] - Login: Test Cases/VerifyLoginValidationForUsername]]></system-out>
      <system-err><![CDATA[]]></system-err>
   </testsuite>
</testsuites>
